1741477635: mosquitto version 2.0.21 starting
1741477635: Config loaded from /mosquitto/config/mosquitto.conf.
1741477635: Opening ipv4 listen socket on port 1883.
1741477635: Opening ipv6 listen socket on port 1883.
1741477635: Opening websockets listen socket on port 9001.
1741477635: mosquitto version 2.0.21 running
1741478277: New connection from 172.18.0.1:57596 on port 1883.
1741478277: New client connected from 172.18.0.1:57596 as attraccess-api-3ecde947 (p2, c1, k60).
1741478277: No will message specified.
1741478277: Sending CONNACK to attraccess-api-3ecde947 (0, 0)
1741478293: Client attraccess-api-3ecde947 closed its connection.
1741478301: New connection from 172.18.0.1:61768 on port 1883.
1741478301: New client connected from 172.18.0.1:61768 as attraccess-api-4e6b659f (p2, c1, k60).
1741478301: No will message specified.
1741478301: Sending CONNACK to attraccess-api-4e6b659f (0, 0)
1741478361: Received PINGREQ from attraccess-api-4e6b659f
1741478361: Sending PINGRESP to attraccess-api-4e6b659f
1741478393: Client attraccess-api-4e6b659f closed its connection.
1741478425: New connection from 172.18.0.1:61882 on port 1883.
1741478425: New client connected from 172.18.0.1:61882 as attraccess-api-0b38d356 (p2, c1, k60).
1741478425: No will message specified.
1741478425: Sending CONNACK to attraccess-api-0b38d356 (0, 0)
1741478461: Client attraccess-api-0b38d356 closed its connection.
1741478542: New connection from 172.18.0.1:59546 on port 1883.
1741478542: New client connected from 172.18.0.1:59546 as attraccess-api-7920d429 (p2, c1, k60).
1741478542: No will message specified.
1741478542: Sending CONNACK to attraccess-api-7920d429 (0, 0)
1741478578: Client attraccess-api-7920d429 closed its connection.
1741478814: New connection from 172.18.0.1:58534 on port 1883.
1741478814: New client connected from 172.18.0.1:58534 as attraccess-api-d970e40c (p2, c1, k60).
1741478814: No will message specified.
1741478814: Sending CONNACK to attraccess-api-d970e40c (0, 0)
1741478874: Received PINGREQ from attraccess-api-d970e40c
1741478874: Sending PINGRESP to attraccess-api-d970e40c
1741478924: Client attraccess-api-d970e40c closed its connection.
1741479436: Saving in-memory database to /mosquitto/data//mosquitto.db.
1741481871: Saving in-memory database to /mosquitto/data//mosquitto.db.
1741483733: Saving in-memory database to /mosquitto/data//mosquitto.db.
1741485534: Saving in-memory database to /mosquitto/data//mosquitto.db.
1741487335: Saving in-memory database to /mosquitto/data//mosquitto.db.
1741489453: Saving in-memory database to /mosquitto/data//mosquitto.db.
1741491489: Saving in-memory database to /mosquitto/data//mosquitto.db.
1741493467: Saving in-memory database to /mosquitto/data//mosquitto.db.
1741495678: Saving in-memory database to /mosquitto/data//mosquitto.db.
1741498113: Saving in-memory database to /mosquitto/data//mosquitto.db.
1741500573: Saving in-memory database to /mosquitto/data//mosquitto.db.
1741502466: Saving in-memory database to /mosquitto/data//mosquitto.db.
1741504267: Saving in-memory database to /mosquitto/data//mosquitto.db.
1741506068: Saving in-memory database to /mosquitto/data//mosquitto.db.
1741507869: Saving in-memory database to /mosquitto/data//mosquitto.db.
1741509670: Saving in-memory database to /mosquitto/data//mosquitto.db.
1741511471: Saving in-memory database to /mosquitto/data//mosquitto.db.
1741513272: Saving in-memory database to /mosquitto/data//mosquitto.db.
1741515073: Saving in-memory database to /mosquitto/data//mosquitto.db.
1741516874: Saving in-memory database to /mosquitto/data//mosquitto.db.
1741518675: Saving in-memory database to /mosquitto/data//mosquitto.db.
1741520476: Saving in-memory database to /mosquitto/data//mosquitto.db.
1741520885: New connection from 172.18.0.1:65272 on port 1883.
1741520885: New client connected from 172.18.0.1:65272 as attraccess-api-4b815b12 (p2, c1, k60).
1741520885: No will message specified.
1741520885: Sending CONNACK to attraccess-api-4b815b12 (0, 0)
1741520945: Received PINGREQ from attraccess-api-4b815b12
1741520945: Sending PINGRESP to attraccess-api-4b815b12
1741521005: Received PINGREQ from attraccess-api-4b815b12
1741521005: Sending PINGRESP to attraccess-api-4b815b12
1741521018: Client attraccess-api-4b815b12 closed its connection.
1741521112: New connection from 172.18.0.1:55406 on port 1883.
1741521112: New client connected from 172.18.0.1:55406 as attraccess-api-fc749ae7 (p2, c1, k60).
1741521112: No will message specified.
1741521112: Sending CONNACK to attraccess-api-fc749ae7 (0, 0)
1741521123: Client attraccess-api-fc749ae7 closed its connection.
1741521286: New connection from 172.18.0.1:61716 on port 1883.
1741521286: New client connected from 172.18.0.1:61716 as attraccess-api-e3068fd2 (p2, c1, k60).
1741521286: No will message specified.
1741521286: Sending CONNACK to attraccess-api-e3068fd2 (0, 0)
1741521346: Received PINGREQ from attraccess-api-e3068fd2
1741521346: Sending PINGRESP to attraccess-api-e3068fd2
1741521362: Client attraccess-api-e3068fd2 closed its connection.
1741521606: New connection from 172.18.0.1:61804 on port 1883.
1741521606: New client connected from 172.18.0.1:61804 as attraccess-api-7b30493c (p2, c1, k60).
1741521606: No will message specified.
1741521606: Sending CONNACK to attraccess-api-7b30493c (0, 0)
1741521606: Received PUBLISH from attraccess-api-7b30493c (d0, q0, r0, m0, 'resources/1/status', ... (124 bytes))
1741521615: Received PUBLISH from attraccess-api-7b30493c (d0, q0, r0, m0, 'resources/1/status', ... (128 bytes))
1741521666: Received PINGREQ from attraccess-api-7b30493c
1741521666: Sending PINGRESP to attraccess-api-7b30493c
1741521726: Received PINGREQ from attraccess-api-7b30493c
1741521726: Sending PINGRESP to attraccess-api-7b30493c
1741521730: mosquitto version 2.0.21 terminating
1741521730: Saving in-memory database to /mosquitto/data//mosquitto.db.
1741521758: mosquitto version 2.0.21 starting
1741521758: Config loaded from /mosquitto/config/mosquitto.conf.
1741521758: Opening ipv4 listen socket on port 1883.
1741521758: Opening ipv6 listen socket on port 1883.
1741521758: Opening websockets listen socket on port 9001.
1741521758: mosquitto version 2.0.21 running
1741521760: New connection from 172.18.0.1:61122 on port 1883.
1741521760: New client connected from 172.18.0.1:61122 as attraccess-api-7b30493c (p2, c1, k60).
1741521760: No will message specified.
1741521760: Sending CONNACK to attraccess-api-7b30493c (0, 0)
1741521820: Received PINGREQ from attraccess-api-7b30493c
1741521820: Sending PINGRESP to attraccess-api-7b30493c
1741521854: New client connected from ::ffff:172.18.0.1:55856 as mqttx_5f24b740 (p5, c1, k60).
1741521854: No will message specified.
1741521854: Sending CONNACK to mqttx_5f24b740 (0, 0)
1741521861: Client mqttx_5f24b740 closed its connection.
1741521864: New client connected from ::ffff:172.18.0.1:62290 as mqttx_5f24b740 (p5, c1, k60).
1741521864: No will message specified.
1741521864: Sending CONNACK to mqttx_5f24b740 (0, 0)
1741521880: Received PINGREQ from attraccess-api-7b30493c
1741521880: Sending PINGRESP to attraccess-api-7b30493c
1741521881: Received SUBSCRIBE from mqttx_5f24b740
1741521881: 	resources/1/status (QoS 0)
1741521881: mqttx_5f24b740 0 resources/1/status
1741521881: Sending SUBACK to mqttx_5f24b740
1741521897: Received PUBLISH from attraccess-api-7b30493c (d0, q0, r0, m0, 'resources/1/status', ... (124 bytes))
1741521897: Sending PUBLISH to mqttx_5f24b740 (d0, q0, r0, m0, 'resources/1/status', ... (124 bytes))
1741521908: Received PUBLISH from attraccess-api-7b30493c (d0, q0, r0, m0, 'resources/1/status', ... (128 bytes))
1741521908: Sending PUBLISH to mqttx_5f24b740 (d0, q0, r0, m0, 'resources/1/status', ... (128 bytes))
1741521941: Received PINGREQ from attraccess-api-7b30493c
1741521941: Sending PINGRESP to attraccess-api-7b30493c
1741521942: Received PINGREQ from mqttx_5f24b740
1741521942: Sending PINGRESP to mqttx_5f24b740
1741522001: Received PINGREQ from attraccess-api-7b30493c
1741522001: Sending PINGRESP to attraccess-api-7b30493c
1741522003: Received PINGREQ from mqttx_5f24b740
1741522003: Sending PINGRESP to mqttx_5f24b740
1741522061: Received PINGREQ from attraccess-api-7b30493c
1741522061: Sending PINGRESP to attraccess-api-7b30493c
1741522064: Received PINGREQ from mqttx_5f24b740
1741522064: Sending PINGRESP to mqttx_5f24b740
1741522079: Client attraccess-api-7b30493c closed its connection.
1741522119: Client mqttx_5f24b740 closed its connection.
1741522124: New client connected from ::ffff:172.18.0.1:59002 as mqttx_5f24b740 (p5, c1, k60).
1741522124: No will message specified.
1741522124: Sending CONNACK to mqttx_5f24b740 (0, 0)
1741522124: Received SUBSCRIBE from mqttx_5f24b740
1741522124: 	resources/1/status (QoS 0)
1741522124: mqttx_5f24b740 0 resources/1/status
1741522124: Sending SUBACK to mqttx_5f24b740
1741522473: Client mqttx_5f24b740 closed its connection.
1741522478: New client connected from ::ffff:172.18.0.1:55012 as mqttx_5f24b740 (p5, c1, k60).
1741522478: No will message specified.
1741522478: Sending CONNACK to mqttx_5f24b740 (0, 0)
1741522478: Received SUBSCRIBE from mqttx_5f24b740
1741522478: 	resources/1/status (QoS 0)
1741522478: mqttx_5f24b740 0 resources/1/status
1741522478: Sending SUBACK to mqttx_5f24b740
1741523233: Client mqttx_5f24b740 closed its connection.
1741523237: New client connected from ::ffff:172.18.0.1:64314 as mqttx_5f24b740 (p5, c1, k60).
1741523237: No will message specified.
1741523237: Sending CONNACK to mqttx_5f24b740 (0, 0)
1741523237: Received SUBSCRIBE from mqttx_5f24b740
1741523237: 	resources/1/status (QoS 0)
1741523237: mqttx_5f24b740 0 resources/1/status
1741523237: Sending SUBACK to mqttx_5f24b740
1741523447: Client mqttx_5f24b740 closed its connection.
1741523452: New client connected from ::ffff:172.18.0.1:63986 as mqttx_5f24b740 (p5, c1, k60).
1741523452: No will message specified.
1741523452: Sending CONNACK to mqttx_5f24b740 (0, 0)
1741523452: Received SUBSCRIBE from mqttx_5f24b740
1741523452: 	resources/1/status (QoS 0)
1741523452: mqttx_5f24b740 0 resources/1/status
1741523452: Sending SUBACK to mqttx_5f24b740
1741523580: Saving in-memory database to /mosquitto/data//mosquitto.db.
1741523580: Client mqttx_5f24b740 closed its connection.
1741523585: New client connected from ::ffff:172.18.0.1:59554 as mqttx_5f24b740 (p5, c1, k60).
1741523585: No will message specified.
1741523585: Sending CONNACK to mqttx_5f24b740 (0, 0)
1741523585: Received SUBSCRIBE from mqttx_5f24b740
1741523585: 	resources/1/status (QoS 0)
1741523585: mqttx_5f24b740 0 resources/1/status
1741523585: Sending SUBACK to mqttx_5f24b740
1741525646: Saving in-memory database to /mosquitto/data//mosquitto.db.
1741525646: Client mqttx_5f24b740 closed its connection.
1741525651: New client connected from ::ffff:172.18.0.1:61202 as mqttx_5f24b740 (p5, c1, k60).
1741525651: No will message specified.
1741525651: Sending CONNACK to mqttx_5f24b740 (0, 0)
1741525651: Received SUBSCRIBE from mqttx_5f24b740
1741525651: 	resources/1/status (QoS 0)
1741525651: mqttx_5f24b740 0 resources/1/status
1741525651: Sending SUBACK to mqttx_5f24b740
1741527586: Saving in-memory database to /mosquitto/data//mosquitto.db.
1741527586: Client mqttx_5f24b740 closed its connection.
1741527591: New client connected from ::ffff:172.18.0.1:59392 as mqttx_5f24b740 (p5, c1, k60).
1741527591: No will message specified.
1741527591: Sending CONNACK to mqttx_5f24b740 (0, 0)
1741527591: Received SUBSCRIBE from mqttx_5f24b740
1741527591: 	resources/1/status (QoS 0)
1741527591: mqttx_5f24b740 0 resources/1/status
1741527591: Sending SUBACK to mqttx_5f24b740
1741529235: Client mqttx_5f24b740 closed its connection.
1741529240: New client connected from ::ffff:172.18.0.1:65266 as mqttx_5f24b740 (p5, c1, k60).
1741529240: No will message specified.
1741529240: Sending CONNACK to mqttx_5f24b740 (0, 0)
1741529240: Received SUBSCRIBE from mqttx_5f24b740
1741529240: 	resources/1/status (QoS 0)
1741529240: mqttx_5f24b740 0 resources/1/status
1741529240: Sending SUBACK to mqttx_5f24b740
1741530408: Saving in-memory database to /mosquitto/data//mosquitto.db.
1741530408: Client mqttx_5f24b740 closed its connection.
1741530413: New client connected from ::ffff:172.18.0.1:61374 as mqttx_5f24b740 (p5, c1, k60).
1741530413: No will message specified.
1741530413: Sending CONNACK to mqttx_5f24b740 (0, 0)
1741530413: Received SUBSCRIBE from mqttx_5f24b740
1741530413: 	resources/1/status (QoS 0)
1741530413: mqttx_5f24b740 0 resources/1/status
1741530413: Sending SUBACK to mqttx_5f24b740
1741530680: Client mqttx_5f24b740 closed its connection.
1741530684: New client connected from ::ffff:172.18.0.1:59248 as mqttx_5f24b740 (p5, c1, k60).
1741530684: No will message specified.
1741530684: Sending CONNACK to mqttx_5f24b740 (0, 0)
1741530684: Received SUBSCRIBE from mqttx_5f24b740
1741530684: 	resources/1/status (QoS 0)
1741530684: mqttx_5f24b740 0 resources/1/status
1741530684: Sending SUBACK to mqttx_5f24b740
1741531654: Client mqttx_5f24b740 closed its connection.
1741531659: New client connected from ::ffff:172.18.0.1:58450 as mqttx_5f24b740 (p5, c1, k60).
1741531659: No will message specified.
1741531659: Sending CONNACK to mqttx_5f24b740 (0, 0)
1741531659: Received SUBSCRIBE from mqttx_5f24b740
1741531659: 	resources/1/status (QoS 0)
1741531659: mqttx_5f24b740 0 resources/1/status
1741531659: Sending SUBACK to mqttx_5f24b740
1741533188: Saving in-memory database to /mosquitto/data//mosquitto.db.
1741533188: Client mqttx_5f24b740 closed its connection.
1741533193: New client connected from ::ffff:172.18.0.1:58488 as mqttx_5f24b740 (p5, c1, k60).
1741533193: No will message specified.
1741533193: Sending CONNACK to mqttx_5f24b740 (0, 0)
1741533971: Client mqttx_5f24b740 closed its connection.
1741535999: Saving in-memory database to /mosquitto/data//mosquitto.db.
1741538586: Saving in-memory database to /mosquitto/data//mosquitto.db.
1741541058: Saving in-memory database to /mosquitto/data//mosquitto.db.
1741543444: Saving in-memory database to /mosquitto/data//mosquitto.db.
1741547087: Saving in-memory database to /mosquitto/data//mosquitto.db.
1741548888: Saving in-memory database to /mosquitto/data//mosquitto.db.
1741550689: Saving in-memory database to /mosquitto/data//mosquitto.db.
1741552490: Saving in-memory database to /mosquitto/data//mosquitto.db.
1741553114: New connection from 172.18.0.1:56828 on port 1883.
1741553114: New client connected from 172.18.0.1:56828 as attraccess-api-ef5e1939 (p2, c1, k60).
1741553114: No will message specified.
1741553114: Sending CONNACK to attraccess-api-ef5e1939 (0, 0)
1741553130: Received PUBLISH from attraccess-api-ef5e1939 (d0, q0, r0, m0, 'resources/1/status', ... (124 bytes))
1741553132: Received PUBLISH from attraccess-api-ef5e1939 (d0, q0, r0, m0, 'resources/1/status', ... (128 bytes))
1741553134: Received PUBLISH from attraccess-api-ef5e1939 (d0, q0, r0, m0, 'resources/1/status', ... (124 bytes))
1741553136: Received PUBLISH from attraccess-api-ef5e1939 (d0, q0, r0, m0, 'resources/1/status', ... (128 bytes))
1741553174: Received PINGREQ from attraccess-api-ef5e1939
1741553174: Sending PINGRESP to attraccess-api-ef5e1939
1741553234: Received PINGREQ from attraccess-api-ef5e1939
1741553234: Sending PINGRESP to attraccess-api-ef5e1939
1741553294: Received PINGREQ from attraccess-api-ef5e1939
1741553294: Sending PINGRESP to attraccess-api-ef5e1939
1741553354: Received PINGREQ from attraccess-api-ef5e1939
1741553354: Sending PINGRESP to attraccess-api-ef5e1939
1741553414: Received PINGREQ from attraccess-api-ef5e1939
1741553414: Sending PINGRESP to attraccess-api-ef5e1939
1741553474: Received PINGREQ from attraccess-api-ef5e1939
1741553474: Sending PINGRESP to attraccess-api-ef5e1939
1741553534: Received PINGREQ from attraccess-api-ef5e1939
1741553534: Sending PINGRESP to attraccess-api-ef5e1939
1741553594: Received PINGREQ from attraccess-api-ef5e1939
1741553594: Sending PINGRESP to attraccess-api-ef5e1939
1741553654: Received PINGREQ from attraccess-api-ef5e1939
1741553654: Sending PINGRESP to attraccess-api-ef5e1939
1741553714: Received PINGREQ from attraccess-api-ef5e1939
1741553714: Sending PINGRESP to attraccess-api-ef5e1939
1741553727: Received PUBLISH from attraccess-api-ef5e1939 (d0, q0, r0, m0, 'resources/1/status', ... (124 bytes))
1741553729: Received PUBLISH from attraccess-api-ef5e1939 (d0, q0, r0, m0, 'resources/1/status', ... (128 bytes))
1741553731: Received PUBLISH from attraccess-api-ef5e1939 (d0, q0, r0, m0, 'resources/1/status', ... (124 bytes))
1741553732: Received PUBLISH from attraccess-api-ef5e1939 (d0, q0, r0, m0, 'resources/1/status', ... (128 bytes))
1741553737: Received PUBLISH from attraccess-api-ef5e1939 (d0, q0, r0, m0, 'resources/1/status', ... (124 bytes))
1741553739: Received PUBLISH from attraccess-api-ef5e1939 (d0, q0, r0, m0, 'resources/1/status', ... (128 bytes))
1741553774: Received PINGREQ from attraccess-api-ef5e1939
1741553774: Sending PINGRESP to attraccess-api-ef5e1939
1741553834: Received PINGREQ from attraccess-api-ef5e1939
1741553834: Sending PINGRESP to attraccess-api-ef5e1939
1741553894: Received PINGREQ from attraccess-api-ef5e1939
1741553894: Sending PINGRESP to attraccess-api-ef5e1939
1741553954: Received PINGREQ from attraccess-api-ef5e1939
1741553954: Sending PINGRESP to attraccess-api-ef5e1939
1741553975: Received PUBLISH from attraccess-api-ef5e1939 (d0, q0, r0, m0, 'resources/1/status', ... (124 bytes))
1741553977: Received PUBLISH from attraccess-api-ef5e1939 (d0, q0, r0, m0, 'resources/1/status', ... (128 bytes))
1741554014: Received PINGREQ from attraccess-api-ef5e1939
1741554014: Sending PINGRESP to attraccess-api-ef5e1939
1741554074: Received PINGREQ from attraccess-api-ef5e1939
1741554074: Sending PINGRESP to attraccess-api-ef5e1939
1741554134: Received PINGREQ from attraccess-api-ef5e1939
1741554134: Sending PINGRESP to attraccess-api-ef5e1939
1741554194: Received PINGREQ from attraccess-api-ef5e1939
1741554194: Sending PINGRESP to attraccess-api-ef5e1939
1741554254: Received PINGREQ from attraccess-api-ef5e1939
1741554254: Sending PINGRESP to attraccess-api-ef5e1939
1741554291: Saving in-memory database to /mosquitto/data//mosquitto.db.
1741554314: Received PINGREQ from attraccess-api-ef5e1939
1741554314: Sending PINGRESP to attraccess-api-ef5e1939
1741554374: Received PINGREQ from attraccess-api-ef5e1939
1741554374: Sending PINGRESP to attraccess-api-ef5e1939
1741554434: Received PINGREQ from attraccess-api-ef5e1939
1741554434: Sending PINGRESP to attraccess-api-ef5e1939
1741554494: Received PINGREQ from attraccess-api-ef5e1939
1741554494: Sending PINGRESP to attraccess-api-ef5e1939
1741554554: Received PINGREQ from attraccess-api-ef5e1939
1741554554: Sending PINGRESP to attraccess-api-ef5e1939
1741554614: Received PINGREQ from attraccess-api-ef5e1939
1741554614: Sending PINGRESP to attraccess-api-ef5e1939
1741554674: Received PINGREQ from attraccess-api-ef5e1939
1741554674: Sending PINGRESP to attraccess-api-ef5e1939
1741554735: Received PINGREQ from attraccess-api-ef5e1939
1741554735: Sending PINGRESP to attraccess-api-ef5e1939
1741554795: Received PINGREQ from attraccess-api-ef5e1939
1741554795: Sending PINGRESP to attraccess-api-ef5e1939
1741554855: Received PINGREQ from attraccess-api-ef5e1939
1741554855: Sending PINGRESP to attraccess-api-ef5e1939
1741554915: Received PINGREQ from attraccess-api-ef5e1939
1741554915: Sending PINGRESP to attraccess-api-ef5e1939
1741554975: Received PINGREQ from attraccess-api-ef5e1939
1741554975: Sending PINGRESP to attraccess-api-ef5e1939
1741555035: Received PINGREQ from attraccess-api-ef5e1939
1741555035: Sending PINGRESP to attraccess-api-ef5e1939
1741555095: Received PINGREQ from attraccess-api-ef5e1939
1741555095: Sending PINGRESP to attraccess-api-ef5e1939
1741555155: Received PINGREQ from attraccess-api-ef5e1939
1741555155: Sending PINGRESP to attraccess-api-ef5e1939
1741555215: Received PINGREQ from attraccess-api-ef5e1939
1741555215: Sending PINGRESP to attraccess-api-ef5e1939
1741555275: Received PINGREQ from attraccess-api-ef5e1939
1741555275: Sending PINGRESP to attraccess-api-ef5e1939
1741555335: Received PINGREQ from attraccess-api-ef5e1939
1741555335: Sending PINGRESP to attraccess-api-ef5e1939
1741555395: Received PINGREQ from attraccess-api-ef5e1939
1741555395: Sending PINGRESP to attraccess-api-ef5e1939
1741555455: Received PINGREQ from attraccess-api-ef5e1939
1741555455: Sending PINGRESP to attraccess-api-ef5e1939
1741555515: Received PINGREQ from attraccess-api-ef5e1939
1741555515: Sending PINGRESP to attraccess-api-ef5e1939
1741555527: Client attraccess-api-ef5e1939 closed its connection.
1741556092: Saving in-memory database to /mosquitto/data//mosquitto.db.
1741557893: Saving in-memory database to /mosquitto/data//mosquitto.db.
1741560336: Saving in-memory database to /mosquitto/data//mosquitto.db.
1741562283: Saving in-memory database to /mosquitto/data//mosquitto.db.
1741564084: Saving in-memory database to /mosquitto/data//mosquitto.db.
1741566259: Saving in-memory database to /mosquitto/data//mosquitto.db.
1741568385: Saving in-memory database to /mosquitto/data//mosquitto.db.
1741570413: Saving in-memory database to /mosquitto/data//mosquitto.db.
1741572537: Saving in-memory database to /mosquitto/data//mosquitto.db.
1741574546: Saving in-memory database to /mosquitto/data//mosquitto.db.
1741576442: Saving in-memory database to /mosquitto/data//mosquitto.db.
1741578243: Saving in-memory database to /mosquitto/data//mosquitto.db.
1741580044: Saving in-memory database to /mosquitto/data//mosquitto.db.
1741582438: Saving in-memory database to /mosquitto/data//mosquitto.db.
1741584300: Saving in-memory database to /mosquitto/data//mosquitto.db.
1741586653: Saving in-memory database to /mosquitto/data//mosquitto.db.
1741588757: Saving in-memory database to /mosquitto/data//mosquitto.db.
1741590558: Saving in-memory database to /mosquitto/data//mosquitto.db.
1741593106: Saving in-memory database to /mosquitto/data//mosquitto.db.
1741594907: Saving in-memory database to /mosquitto/data//mosquitto.db.
1741596708: Saving in-memory database to /mosquitto/data//mosquitto.db.
